<?xml version="1.0" encoding="UTF-8"?>
<testng-results ignored="0" total="1" passed="1" failed="0" skipped="0">
  <reporter-output>
  </reporter-output>
  <suite started-at="2023-10-27T11:06:42 IST" name="Default suite" finished-at="2023-10-27T11:06:59 IST" duration-ms="16259">
    <groups>
    </groups>
    <test started-at="2023-10-27T11:06:42 IST" name="Default test" finished-at="2023-10-27T11:06:59 IST" duration-ms="16259">
      <class name="Scripts.TestCase2">
        <test-method is-config="true" signature="openApp()[pri:0, instance:Scripts.TestCase2@6221a451]" started-at="2023-10-27T11:06:42 IST" name="openApp" finished-at="2023-10-27T11:06:52 IST" duration-ms="9382" status="PASS">
          <reporter-output>
          </reporter-output>
        </test-method> <!-- openApp -->
        <test-method signature="tc2()[pri:0, instance:Scripts.TestCase2@6221a451]" started-at="2023-10-27T11:06:52 IST" name="tc2" finished-at="2023-10-27T11:06:58 IST" duration-ms="6274" status="PASS">
          <reporter-output>
          </reporter-output>
        </test-method> <!-- tc2 -->
        <test-method is-config="true" signature="closeApp(org.testng.ITestResult)[pri:0, instance:Scripts.TestCase2@6221a451]" started-at="2023-10-27T11:06:58 IST" name="closeApp" finished-at="2023-10-27T11:06:59 IST" duration-ms="468" status="PASS">
          <params>
            <param index="0">
              <value>
                <![CDATA[[TestResult name=tc2 status=SUCCESS method=TestCase2.tc2()[pri:0, instance:Scripts.TestCase2@6221a451] output={null}]]]>
              </value>
            </param>
          </params>
          <reporter-output>
          </reporter-output>
        </test-method> <!-- closeApp -->
      </class> <!-- Scripts.TestCase2 -->
    </test> <!-- Default test -->
  </suite> <!-- Default suite -->
</testng-results>
